[0m2021.08.03 11:52:15 INFO  Started: Metals version 0.10.5 in workspace 'E:\codingExercise\java\cocurrent' for client Visual Studio Code 1.58.2.[0m
[0m2021.08.03 11:52:16 INFO  time: initialize in 0.41s[0m
[0m2021.08.03 11:52:17 WARN  Build server is not auto-connectable.[0m
[0m2021.08.03 11:52:17 WARN  no build tool detected in workspace 'E:\codingExercise\java\cocurrent'. The most common cause for this problem is that the editor was opened in the wrong working directory, for example if you use sbt then the workspace directory should contain build.sbt. [0m
°ËÔÂ 03, 2021 11:54:43 ÉÏÎç org.eclipse.lsp4j.jsonrpc.RemoteEndpoint handleNotification
¾¯¸æ: Notification threw an exception: {
  "jsonrpc": "2.0",
  "method": "metals/didFocusTextDocument",
  "params": [
    "file:///d%3A/%E5%A4%A7%E6%95%B0%E6%8D%AE/JUC/source/juc-day01/src/com/atguigu/juc/TestAtomicDemo.java"
  ]
}
java.lang.RuntimeException: java.lang.reflect.InvocationTargetException
	at org.eclipse.lsp4j.jsonrpc.services.GenericEndpoint.lambda$null$0(GenericEndpoint.java:67)
	at org.eclipse.lsp4j.jsonrpc.services.GenericEndpoint.notify(GenericEndpoint.java:152)
	at org.eclipse.lsp4j.jsonrpc.RemoteEndpoint.handleNotification(RemoteEndpoint.java:220)
	at org.eclipse.lsp4j.jsonrpc.RemoteEndpoint.consume(RemoteEndpoint.java:187)
	at org.eclipse.lsp4j.jsonrpc.json.StreamMessageProducer.handleMessage(StreamMessageProducer.java:194)
	at org.eclipse.lsp4j.jsonrpc.json.StreamMessageProducer.listen(StreamMessageProducer.java:94)
	at org.eclipse.lsp4j.jsonrpc.json.ConcurrentMessageProcessor.run(ConcurrentMessageProcessor.java:113)
	at java.util.concurrent.Executors$RunnableAdapter.call(Executors.java:511)
	at java.util.concurrent.FutureTask.run(FutureTask.java:266)
	at java.util.concurrent.ThreadPoolExecutor.runWorker(ThreadPoolExecutor.java:1149)
	at java.util.concurrent.ThreadPoolExecutor$Worker.run(ThreadPoolExecutor.java:624)
	at java.lang.Thread.run(Thread.java:748)
Caused by: java.lang.reflect.InvocationTargetException
	at sun.reflect.NativeMethodAccessorImpl.invoke0(Native Method)
	at sun.reflect.NativeMethodAccessorImpl.invoke(NativeMethodAccessorImpl.java:62)
	at sun.reflect.DelegatingMethodAccessorImpl.invoke(DelegatingMethodAccessorImpl.java:43)
	at java.lang.reflect.Method.invoke(Method.java:498)
	at org.eclipse.lsp4j.jsonrpc.services.GenericEndpoint.lambda$null$0(GenericEndpoint.java:65)
	... 11 more
Caused by: java.lang.IllegalArgumentException: 'other' has different root
	at sun.nio.fs.WindowsPath.relativize(WindowsPath.java:392)
	at sun.nio.fs.WindowsPath.relativize(WindowsPath.java:44)
	at scala.meta.io.AbsolutePath.toRelative(AbsolutePath.scala:40)
	at scala.meta.internal.metals.MetalsEnrichments$XtensionAbsolutePathBuffers.toRelativeInside(MetalsEnrichments.scala:280)
	at scala.meta.internal.metals.BuildTargets.inferBuildTarget(BuildTargets.scala:302)
	at scala.meta.internal.metals.BuildTargets.$anonfun$inverseSources$2(BuildTargets.scala:262)
	at scala.Option.orElse(Option.scala:447)
	at scala.meta.internal.metals.BuildTargets.inverseSources(BuildTargets.scala:262)
	at scala.meta.internal.metals.MetalsLanguageServer.didFocus(MetalsLanguageServer.scala:1019)
	... 16 more

°ËÔÂ 03, 2021 11:55:47 ÉÏÎç org.eclipse.lsp4j.jsonrpc.RemoteEndpoint handleNotification
¾¯¸æ: Notification threw an exception: {
  "jsonrpc": "2.0",
  "method": "metals/didFocusTextDocument",
  "params": [
    "file:///d%3A/%E5%A4%A7%E6%95%B0%E6%8D%AE/JUC/source/juc-day01/src/com/atguigu/juc/TestAtomicDemo.java"
  ]
}
java.lang.RuntimeException: java.lang.reflect.InvocationTargetException
	at org.eclipse.lsp4j.jsonrpc.services.GenericEndpoint.lambda$null$0(GenericEndpoint.java:67)
	at org.eclipse.lsp4j.jsonrpc.services.GenericEndpoint.notify(GenericEndpoint.java:152)
	at org.eclipse.lsp4j.jsonrpc.RemoteEndpoint.handleNotification(RemoteEndpoint.java:220)
	at org.eclipse.lsp4j.jsonrpc.RemoteEndpoint.consume(RemoteEndpoint.java:187)
	at org.eclipse.lsp4j.jsonrpc.json.StreamMessageProducer.handleMessage(StreamMessageProducer.java:194)
	at org.eclipse.lsp4j.jsonrpc.json.StreamMessageProducer.listen(StreamMessageProducer.java:94)
	at org.eclipse.lsp4j.jsonrpc.json.ConcurrentMessageProcessor.run(ConcurrentMessageProcessor.java:113)
	at java.util.concurrent.Executors$RunnableAdapter.call(Executors.java:511)
	at java.util.concurrent.FutureTask.run(FutureTask.java:266)
	at java.util.concurrent.ThreadPoolExecutor.runWorker(ThreadPoolExecutor.java:1149)
	at java.util.concurrent.ThreadPoolExecutor$Worker.run(ThreadPoolExecutor.java:624)
	at java.lang.Thread.run(Thread.java:748)
Caused by: java.lang.reflect.InvocationTargetException
	at sun.reflect.NativeMethodAccessorImpl.invoke0(Native Method)
	at sun.reflect.NativeMethodAccessorImpl.invoke(NativeMethodAccessorImpl.java:62)
	at sun.reflect.DelegatingMethodAccessorImpl.invoke(DelegatingMethodAccessorImpl.java:43)
	at java.lang.reflect.Method.invoke(Method.java:498)
	at org.eclipse.lsp4j.jsonrpc.services.GenericEndpoint.lambda$null$0(GenericEndpoint.java:65)
	... 11 more
Caused by: java.lang.IllegalArgumentException: 'other' has different root
	at sun.nio.fs.WindowsPath.relativize(WindowsPath.java:392)
	at sun.nio.fs.WindowsPath.relativize(WindowsPath.java:44)
	at scala.meta.io.AbsolutePath.toRelative(AbsolutePath.scala:40)
	at scala.meta.internal.metals.MetalsEnrichments$XtensionAbsolutePathBuffers.toRelativeInside(MetalsEnrichments.scala:280)
	at scala.meta.internal.metals.BuildTargets.inferBuildTarget(BuildTargets.scala:302)
	at scala.meta.internal.metals.BuildTargets.$anonfun$inverseSources$2(BuildTargets.scala:262)
	at scala.Option.orElse(Option.scala:447)
	at scala.meta.internal.metals.BuildTargets.inverseSources(BuildTargets.scala:262)
	at scala.meta.internal.metals.MetalsLanguageServer.didFocus(MetalsLanguageServer.scala:1019)
	... 16 more

°ËÔÂ 03, 2021 11:55:48 ÉÏÎç org.eclipse.lsp4j.jsonrpc.RemoteEndpoint handleNotification
¾¯¸æ: Notification threw an exception: {
  "jsonrpc": "2.0",
  "method": "metals/didFocusTextDocument",
  "params": [
    "file:///d%3A/%E5%A4%A7%E6%95%B0%E6%8D%AE/JUC/source/juc-day01/src/com/atguigu/juc/TestAtomicDemo.java"
  ]
}
java.lang.RuntimeException: java.lang.reflect.InvocationTargetException
	at org.eclipse.lsp4j.jsonrpc.services.GenericEndpoint.lambda$null$0(GenericEndpoint.java:67)
	at org.eclipse.lsp4j.jsonrpc.services.GenericEndpoint.notify(GenericEndpoint.java:152)
	at org.eclipse.lsp4j.jsonrpc.RemoteEndpoint.handleNotification(RemoteEndpoint.java:220)
	at org.eclipse.lsp4j.jsonrpc.RemoteEndpoint.consume(RemoteEndpoint.java:187)
	at org.eclipse.lsp4j.jsonrpc.json.StreamMessageProducer.handleMessage(StreamMessageProducer.java:194)
	at org.eclipse.lsp4j.jsonrpc.json.StreamMessageProducer.listen(StreamMessageProducer.java:94)
	at org.eclipse.lsp4j.jsonrpc.json.ConcurrentMessageProcessor.run(ConcurrentMessageProcessor.java:113)
	at java.util.concurrent.Executors$RunnableAdapter.call(Executors.java:511)
	at java.util.concurrent.FutureTask.run(FutureTask.java:266)
	at java.util.concurrent.ThreadPoolExecutor.runWorker(ThreadPoolExecutor.java:1149)
	at java.util.concurrent.ThreadPoolExecutor$Worker.run(ThreadPoolExecutor.java:624)
	at java.lang.Thread.run(Thread.java:748)
Caused by: java.lang.reflect.InvocationTargetException
	at sun.reflect.NativeMethodAccessorImpl.invoke0(Native Method)
	at sun.reflect.NativeMethodAccessorImpl.invoke(NativeMethodAccessorImpl.java:62)
	at sun.reflect.DelegatingMethodAccessorImpl.invoke(DelegatingMethodAccessorImpl.java:43)
	at java.lang.reflect.Method.invoke(Method.java:498)
	at org.eclipse.lsp4j.jsonrpc.services.GenericEndpoint.lambda$null$0(GenericEndpoint.java:65)
	... 11 more
Caused by: java.lang.IllegalArgumentException: 'other' has different root
	at sun.nio.fs.WindowsPath.relativize(WindowsPath.java:392)
	at sun.nio.fs.WindowsPath.relativize(WindowsPath.java:44)
	at scala.meta.io.AbsolutePath.toRelative(AbsolutePath.scala:40)
	at scala.meta.internal.metals.MetalsEnrichments$XtensionAbsolutePathBuffers.toRelativeInside(MetalsEnrichments.scala:280)
	at scala.meta.internal.metals.BuildTargets.inferBuildTarget(BuildTargets.scala:302)
	at scala.meta.internal.metals.BuildTargets.$anonfun$inverseSources$2(BuildTargets.scala:262)
	at scala.Option.orElse(Option.scala:447)
	at scala.meta.internal.metals.BuildTargets.inverseSources(BuildTargets.scala:262)
	at scala.meta.internal.metals.MetalsLanguageServer.didFocus(MetalsLanguageServer.scala:1019)
	... 16 more

°ËÔÂ 03, 2021 1:17:01 ÏÂÎç org.eclipse.lsp4j.jsonrpc.RemoteEndpoint handleNotification
¾¯¸æ: Notification threw an exception: {
  "jsonrpc": "2.0",
  "method": "metals/didFocusTextDocument",
  "params": [
    "file:///d%3A/%E5%A4%A7%E6%95%B0%E6%8D%AE/JUC/source/juc-day01/src/com/atguigu/juc/TestAtomicDemo.java"
  ]
}
java.lang.RuntimeException: java.lang.reflect.InvocationTargetException
	at org.eclipse.lsp4j.jsonrpc.services.GenericEndpoint.lambda$null$0(GenericEndpoint.java:67)
	at org.eclipse.lsp4j.jsonrpc.services.GenericEndpoint.notify(GenericEndpoint.java:152)
	at org.eclipse.lsp4j.jsonrpc.RemoteEndpoint.handleNotification(RemoteEndpoint.java:220)
	at org.eclipse.lsp4j.jsonrpc.RemoteEndpoint.consume(RemoteEndpoint.java:187)
	at org.eclipse.lsp4j.jsonrpc.json.StreamMessageProducer.handleMessage(StreamMessageProducer.java:194)
	at org.eclipse.lsp4j.jsonrpc.json.StreamMessageProducer.listen(StreamMessageProducer.java:94)
	at org.eclipse.lsp4j.jsonrpc.json.ConcurrentMessageProcessor.run(ConcurrentMessageProcessor.java:113)
	at java.util.concurrent.Executors$RunnableAdapter.call(Executors.java:511)
	at java.util.concurrent.FutureTask.run(FutureTask.java:266)
	at java.util.concurrent.ThreadPoolExecutor.runWorker(ThreadPoolExecutor.java:1149)
	at java.util.concurrent.ThreadPoolExecutor$Worker.run(ThreadPoolExecutor.java:624)
	at java.lang.Thread.run(Thread.java:748)
Caused by: java.lang.reflect.InvocationTargetException
	at sun.reflect.NativeMethodAccessorImpl.invoke0(Native Method)
	at sun.reflect.NativeMethodAccessorImpl.invoke(NativeMethodAccessorImpl.java:62)
	at sun.reflect.DelegatingMethodAccessorImpl.invoke(DelegatingMethodAccessorImpl.java:43)
	at java.lang.reflect.Method.invoke(Method.java:498)
	at org.eclipse.lsp4j.jsonrpc.services.GenericEndpoint.lambda$null$0(GenericEndpoint.java:65)
	... 11 more
Caused by: java.lang.IllegalArgumentException: 'other' has different root
	at sun.nio.fs.WindowsPath.relativize(WindowsPath.java:392)
	at sun.nio.fs.WindowsPath.relativize(WindowsPath.java:44)
	at scala.meta.io.AbsolutePath.toRelative(AbsolutePath.scala:40)
	at scala.meta.internal.metals.MetalsEnrichments$XtensionAbsolutePathBuffers.toRelativeInside(MetalsEnrichments.scala:280)
	at scala.meta.internal.metals.BuildTargets.inferBuildTarget(BuildTargets.scala:302)
	at scala.meta.internal.metals.BuildTargets.$anonfun$inverseSources$2(BuildTargets.scala:262)
	at scala.Option.orElse(Option.scala:447)
	at scala.meta.internal.metals.BuildTargets.inverseSources(BuildTargets.scala:262)
	at scala.meta.internal.metals.MetalsLanguageServer.didFocus(MetalsLanguageServer.scala:1019)
	... 16 more

°ËÔÂ 03, 2021 1:19:47 ÏÂÎç org.eclipse.lsp4j.jsonrpc.RemoteEndpoint handleNotification
¾¯¸æ: Notification threw an exception: {
  "jsonrpc": "2.0",
  "method": "metals/didFocusTextDocument",
  "params": [
    "file:///d%3A/%E5%A4%A7%E6%95%B0%E6%8D%AE/JUC/source/juc-day01/src/com/atguigu/juc/TestAtomicDemo.java"
  ]
}
java.lang.RuntimeException: java.lang.reflect.InvocationTargetException
	at org.eclipse.lsp4j.jsonrpc.services.GenericEndpoint.lambda$null$0(GenericEndpoint.java:67)
	at org.eclipse.lsp4j.jsonrpc.services.GenericEndpoint.notify(GenericEndpoint.java:152)
	at org.eclipse.lsp4j.jsonrpc.RemoteEndpoint.handleNotification(RemoteEndpoint.java:220)
	at org.eclipse.lsp4j.jsonrpc.RemoteEndpoint.consume(RemoteEndpoint.java:187)
	at org.eclipse.lsp4j.jsonrpc.json.StreamMessageProducer.handleMessage(StreamMessageProducer.java:194)
	at org.eclipse.lsp4j.jsonrpc.json.StreamMessageProducer.listen(StreamMessageProducer.java:94)
	at org.eclipse.lsp4j.jsonrpc.json.ConcurrentMessageProcessor.run(ConcurrentMessageProcessor.java:113)
	at java.util.concurrent.Executors$RunnableAdapter.call(Executors.java:511)
	at java.util.concurrent.FutureTask.run(FutureTask.java:266)
	at java.util.concurrent.ThreadPoolExecutor.runWorker(ThreadPoolExecutor.java:1149)
	at java.util.concurrent.ThreadPoolExecutor$Worker.run(ThreadPoolExecutor.java:624)
	at java.lang.Thread.run(Thread.java:748)
Caused by: java.lang.reflect.InvocationTargetException
	at sun.reflect.NativeMethodAccessorImpl.invoke0(Native Method)
	at sun.reflect.NativeMethodAccessorImpl.invoke(NativeMethodAccessorImpl.java:62)
	at sun.reflect.DelegatingMethodAccessorImpl.invoke(DelegatingMethodAccessorImpl.java:43)
	at java.lang.reflect.Method.invoke(Method.java:498)
	at org.eclipse.lsp4j.jsonrpc.services.GenericEndpoint.lambda$null$0(GenericEndpoint.java:65)
	... 11 more
Caused by: java.lang.IllegalArgumentException: 'other' has different root
	at sun.nio.fs.WindowsPath.relativize(WindowsPath.java:392)
	at sun.nio.fs.WindowsPath.relativize(WindowsPath.java:44)
	at scala.meta.io.AbsolutePath.toRelative(AbsolutePath.scala:40)
	at scala.meta.internal.metals.MetalsEnrichments$XtensionAbsolutePathBuffers.toRelativeInside(MetalsEnrichments.scala:280)
	at scala.meta.internal.metals.BuildTargets.inferBuildTarget(BuildTargets.scala:302)
	at scala.meta.internal.metals.BuildTargets.$anonfun$inverseSources$2(BuildTargets.scala:262)
	at scala.Option.orElse(Option.scala:447)
	at scala.meta.internal.metals.BuildTargets.inverseSources(BuildTargets.scala:262)
	at scala.meta.internal.metals.MetalsLanguageServer.didFocus(MetalsLanguageServer.scala:1019)
	... 16 more

°ËÔÂ 04, 2021 8:28:44 ÉÏÎç org.eclipse.lsp4j.jsonrpc.RemoteEndpoint handleNotification
¾¯¸æ: Notification threw an exception: {
  "jsonrpc": "2.0",
  "method": "metals/didFocusTextDocument",
  "params": [
    "file:///d%3A/%E5%A4%A7%E6%95%B0%E6%8D%AE/JUC/source/juc-day01/src/com/atguigu/juc/TestAtomicDemo.java"
  ]
}
java.lang.RuntimeException: java.lang.reflect.InvocationTargetException
	at org.eclipse.lsp4j.jsonrpc.services.GenericEndpoint.lambda$null$0(GenericEndpoint.java:67)
	at org.eclipse.lsp4j.jsonrpc.services.GenericEndpoint.notify(GenericEndpoint.java:152)
	at org.eclipse.lsp4j.jsonrpc.RemoteEndpoint.handleNotification(RemoteEndpoint.java:220)
	at org.eclipse.lsp4j.jsonrpc.RemoteEndpoint.consume(RemoteEndpoint.java:187)
	at org.eclipse.lsp4j.jsonrpc.json.StreamMessageProducer.handleMessage(StreamMessageProducer.java:194)
	at org.eclipse.lsp4j.jsonrpc.json.StreamMessageProducer.listen(StreamMessageProducer.java:94)
	at org.eclipse.lsp4j.jsonrpc.json.ConcurrentMessageProcessor.run(ConcurrentMessageProcessor.java:113)
	at java.util.concurrent.Executors$RunnableAdapter.call(Executors.java:511)
	at java.util.concurrent.FutureTask.run(FutureTask.java:266)
	at java.util.concurrent.ThreadPoolExecutor.runWorker(ThreadPoolExecutor.java:1149)
	at java.util.concurrent.ThreadPoolExecutor$Worker.run(ThreadPoolExecutor.java:624)
	at java.lang.Thread.run(Thread.java:748)
Caused by: java.lang.reflect.InvocationTargetException
	at sun.reflect.NativeMethodAccessorImpl.invoke0(Native Method)
	at sun.reflect.NativeMethodAccessorImpl.invoke(NativeMethodAccessorImpl.java:62)
	at sun.reflect.DelegatingMethodAccessorImpl.invoke(DelegatingMethodAccessorImpl.java:43)
	at java.lang.reflect.Method.invoke(Method.java:498)
	at org.eclipse.lsp4j.jsonrpc.services.GenericEndpoint.lambda$null$0(GenericEndpoint.java:65)
	... 11 more
Caused by: java.lang.IllegalArgumentException: 'other' has different root
	at sun.nio.fs.WindowsPath.relativize(WindowsPath.java:392)
	at sun.nio.fs.WindowsPath.relativize(WindowsPath.java:44)
	at scala.meta.io.AbsolutePath.toRelative(AbsolutePath.scala:40)
	at scala.meta.internal.metals.MetalsEnrichments$XtensionAbsolutePathBuffers.toRelativeInside(MetalsEnrichments.scala:280)
	at scala.meta.internal.metals.BuildTargets.inferBuildTarget(BuildTargets.scala:302)
	at scala.meta.internal.metals.BuildTargets.$anonfun$inverseSources$2(BuildTargets.scala:262)
	at scala.Option.orElse(Option.scala:447)
	at scala.meta.internal.metals.BuildTargets.inverseSources(BuildTargets.scala:262)
	at scala.meta.internal.metals.MetalsLanguageServer.didFocus(MetalsLanguageServer.scala:1019)
	... 16 more

°ËÔÂ 04, 2021 10:50:44 ÉÏÎç org.eclipse.lsp4j.jsonrpc.RemoteEndpoint handleNotification
¾¯¸æ: Notification threw an exception: {
  "jsonrpc": "2.0",
  "method": "metals/didFocusTextDocument",
  "params": [
    "file:///d%3A/%E5%A4%A7%E6%95%B0%E6%8D%AE/JUC/source/juc-day01/src/com/atguigu/juc/TestAtomicDemo.java"
  ]
}
java.lang.RuntimeException: java.lang.reflect.InvocationTargetException
	at org.eclipse.lsp4j.jsonrpc.services.GenericEndpoint.lambda$null$0(GenericEndpoint.java:67)
	at org.eclipse.lsp4j.jsonrpc.services.GenericEndpoint.notify(GenericEndpoint.java:152)
	at org.eclipse.lsp4j.jsonrpc.RemoteEndpoint.handleNotification(RemoteEndpoint.java:220)
	at org.eclipse.lsp4j.jsonrpc.RemoteEndpoint.consume(RemoteEndpoint.java:187)
	at org.eclipse.lsp4j.jsonrpc.json.StreamMessageProducer.handleMessage(StreamMessageProducer.java:194)
	at org.eclipse.lsp4j.jsonrpc.json.StreamMessageProducer.listen(StreamMessageProducer.java:94)
	at org.eclipse.lsp4j.jsonrpc.json.ConcurrentMessageProcessor.run(ConcurrentMessageProcessor.java:113)
	at java.util.concurrent.Executors$RunnableAdapter.call(Executors.java:511)
	at java.util.concurrent.FutureTask.run(FutureTask.java:266)
	at java.util.concurrent.ThreadPoolExecutor.runWorker(ThreadPoolExecutor.java:1149)
	at java.util.concurrent.ThreadPoolExecutor$Worker.run(ThreadPoolExecutor.java:624)
	at java.lang.Thread.run(Thread.java:748)
Caused by: java.lang.reflect.InvocationTargetException
	at sun.reflect.GeneratedMethodAccessor3.invoke(Unknown Source)
	at sun.reflect.DelegatingMethodAccessorImpl.invoke(DelegatingMethodAccessorImpl.java:43)
	at java.lang.reflect.Method.invoke(Method.java:498)
	at org.eclipse.lsp4j.jsonrpc.services.GenericEndpoint.lambda$null$0(GenericEndpoint.java:65)
	... 11 more
Caused by: java.lang.IllegalArgumentException: 'other' has different root
	at sun.nio.fs.WindowsPath.relativize(WindowsPath.java:392)
	at sun.nio.fs.WindowsPath.relativize(WindowsPath.java:44)
	at scala.meta.io.AbsolutePath.toRelative(AbsolutePath.scala:40)
	at scala.meta.internal.metals.MetalsEnrichments$XtensionAbsolutePathBuffers.toRelativeInside(MetalsEnrichments.scala:280)
	at scala.meta.internal.metals.BuildTargets.inferBuildTarget(BuildTargets.scala:302)
	at scala.meta.internal.metals.BuildTargets.$anonfun$inverseSources$2(BuildTargets.scala:262)
	at scala.Option.orElse(Option.scala:447)
	at scala.meta.internal.metals.BuildTargets.inverseSources(BuildTargets.scala:262)
	at scala.meta.internal.metals.MetalsLanguageServer.didFocus(MetalsLanguageServer.scala:1019)
	... 15 more

°ËÔÂ 04, 2021 1:13:16 ÏÂÎç org.eclipse.lsp4j.jsonrpc.RemoteEndpoint handleNotification
¾¯¸æ: Notification threw an exception: {
  "jsonrpc": "2.0",
  "method": "metals/didFocusTextDocument",
  "params": [
    "file:///d%3A/%E5%A4%A7%E6%95%B0%E6%8D%AE/JUC/source/juc-day01/src/com/atguigu/juc/TestAtomicDemo.java"
  ]
}
java.lang.RuntimeException: java.lang.reflect.InvocationTargetException
	at org.eclipse.lsp4j.jsonrpc.services.GenericEndpoint.lambda$null$0(GenericEndpoint.java:67)
	at org.eclipse.lsp4j.jsonrpc.services.GenericEndpoint.notify(GenericEndpoint.java:152)
	at org.eclipse.lsp4j.jsonrpc.RemoteEndpoint.handleNotification(RemoteEndpoint.java:220)
	at org.eclipse.lsp4j.jsonrpc.RemoteEndpoint.consume(RemoteEndpoint.java:187)
	at org.eclipse.lsp4j.jsonrpc.json.StreamMessageProducer.handleMessage(StreamMessageProducer.java:194)
	at org.eclipse.lsp4j.jsonrpc.json.StreamMessageProducer.listen(StreamMessageProducer.java:94)
	at org.eclipse.lsp4j.jsonrpc.json.ConcurrentMessageProcessor.run(ConcurrentMessageProcessor.java:113)
	at java.util.concurrent.Executors$RunnableAdapter.call(Executors.java:511)
	at java.util.concurrent.FutureTask.run(FutureTask.java:266)
	at java.util.concurrent.ThreadPoolExecutor.runWorker(ThreadPoolExecutor.java:1149)
	at java.util.concurrent.ThreadPoolExecutor$Worker.run(ThreadPoolExecutor.java:624)
	at java.lang.Thread.run(Thread.java:748)
Caused by: java.lang.reflect.InvocationTargetException
	at sun.reflect.GeneratedMethodAccessor3.invoke(Unknown Source)
	at sun.reflect.DelegatingMethodAccessorImpl.invoke(DelegatingMethodAccessorImpl.java:43)
	at java.lang.reflect.Method.invoke(Method.java:498)
	at org.eclipse.lsp4j.jsonrpc.services.GenericEndpoint.lambda$null$0(GenericEndpoint.java:65)
	... 11 more
Caused by: java.lang.IllegalArgumentException: 'other' has different root
	at sun.nio.fs.WindowsPath.relativize(WindowsPath.java:392)
	at sun.nio.fs.WindowsPath.relativize(WindowsPath.java:44)
	at scala.meta.io.AbsolutePath.toRelative(AbsolutePath.scala:40)
	at scala.meta.internal.metals.MetalsEnrichments$XtensionAbsolutePathBuffers.toRelativeInside(MetalsEnrichments.scala:280)
	at scala.meta.internal.metals.BuildTargets.inferBuildTarget(BuildTargets.scala:302)
	at scala.meta.internal.metals.BuildTargets.$anonfun$inverseSources$2(BuildTargets.scala:262)
	at scala.Option.orElse(Option.scala:447)
	at scala.meta.internal.metals.BuildTargets.inverseSources(BuildTargets.scala:262)
	at scala.meta.internal.metals.MetalsLanguageServer.didFocus(MetalsLanguageServer.scala:1019)
	... 15 more

°ËÔÂ 05, 2021 7:22:01 ÉÏÎç org.eclipse.lsp4j.jsonrpc.RemoteEndpoint handleNotification
¾¯¸æ: Notification threw an exception: {
  "jsonrpc": "2.0",
  "method": "metals/didFocusTextDocument",
  "params": [
    "file:///d%3A/%E5%A4%A7%E6%95%B0%E6%8D%AE/JUC/source/juc-day01/src/com/atguigu/juc/TestAtomicDemo.java"
  ]
}
java.lang.RuntimeException: java.lang.reflect.InvocationTargetException
	at org.eclipse.lsp4j.jsonrpc.services.GenericEndpoint.lambda$null$0(GenericEndpoint.java:67)
	at org.eclipse.lsp4j.jsonrpc.services.GenericEndpoint.notify(GenericEndpoint.java:152)
	at org.eclipse.lsp4j.jsonrpc.RemoteEndpoint.handleNotification(RemoteEndpoint.java:220)
	at org.eclipse.lsp4j.jsonrpc.RemoteEndpoint.consume(RemoteEndpoint.java:187)
	at org.eclipse.lsp4j.jsonrpc.json.StreamMessageProducer.handleMessage(StreamMessageProducer.java:194)
	at org.eclipse.lsp4j.jsonrpc.json.StreamMessageProducer.listen(StreamMessageProducer.java:94)
	at org.eclipse.lsp4j.jsonrpc.json.ConcurrentMessageProcessor.run(ConcurrentMessageProcessor.java:113)
	at java.util.concurrent.Executors$RunnableAdapter.call(Executors.java:511)
	at java.util.concurrent.FutureTask.run(FutureTask.java:266)
	at java.util.concurrent.ThreadPoolExecutor.runWorker(ThreadPoolExecutor.java:1149)
	at java.util.concurrent.ThreadPoolExecutor$Worker.run(ThreadPoolExecutor.java:624)
	at java.lang.Thread.run(Thread.java:748)
Caused by: java.lang.reflect.InvocationTargetException
	at sun.reflect.GeneratedMethodAccessor3.invoke(Unknown Source)
	at sun.reflect.DelegatingMethodAccessorImpl.invoke(DelegatingMethodAccessorImpl.java:43)
	at java.lang.reflect.Method.invoke(Method.java:498)
	at org.eclipse.lsp4j.jsonrpc.services.GenericEndpoint.lambda$null$0(GenericEndpoint.java:65)
	... 11 more
Caused by: java.lang.IllegalArgumentException: 'other' has different root
	at sun.nio.fs.WindowsPath.relativize(WindowsPath.java:392)
	at sun.nio.fs.WindowsPath.relativize(WindowsPath.java:44)
	at scala.meta.io.AbsolutePath.toRelative(AbsolutePath.scala:40)
	at scala.meta.internal.metals.MetalsEnrichments$XtensionAbsolutePathBuffers.toRelativeInside(MetalsEnrichments.scala:280)
	at scala.meta.internal.metals.BuildTargets.inferBuildTarget(BuildTargets.scala:302)
	at scala.meta.internal.metals.BuildTargets.$anonfun$inverseSources$2(BuildTargets.scala:262)
	at scala.Option.orElse(Option.scala:447)
	at scala.meta.internal.metals.BuildTargets.inverseSources(BuildTargets.scala:262)
	at scala.meta.internal.metals.MetalsLanguageServer.didFocus(MetalsLanguageServer.scala:1019)
	... 15 more

°ËÔÂ 05, 2021 9:21:05 ÉÏÎç org.eclipse.lsp4j.jsonrpc.RemoteEndpoint handleNotification
¾¯¸æ: Notification threw an exception: {
  "jsonrpc": "2.0",
  "method": "metals/didFocusTextDocument",
  "params": [
    "file:///d%3A/%E5%A4%A7%E6%95%B0%E6%8D%AE/JUC/source/juc-day01/src/com/atguigu/juc/TestAtomicDemo.java"
  ]
}
java.lang.RuntimeException: java.lang.reflect.InvocationTargetException
	at org.eclipse.lsp4j.jsonrpc.services.GenericEndpoint.lambda$null$0(GenericEndpoint.java:67)
	at org.eclipse.lsp4j.jsonrpc.services.GenericEndpoint.notify(GenericEndpoint.java:152)
	at org.eclipse.lsp4j.jsonrpc.RemoteEndpoint.handleNotification(RemoteEndpoint.java:220)
	at org.eclipse.lsp4j.jsonrpc.RemoteEndpoint.consume(RemoteEndpoint.java:187)
	at org.eclipse.lsp4j.jsonrpc.json.StreamMessageProducer.handleMessage(StreamMessageProducer.java:194)
	at org.eclipse.lsp4j.jsonrpc.json.StreamMessageProducer.listen(StreamMessageProducer.java:94)
	at org.eclipse.lsp4j.jsonrpc.json.ConcurrentMessageProcessor.run(ConcurrentMessageProcessor.java:113)
	at java.util.concurrent.Executors$RunnableAdapter.call(Executors.java:511)
	at java.util.concurrent.FutureTask.run(FutureTask.java:266)
	at java.util.concurrent.ThreadPoolExecutor.runWorker(ThreadPoolExecutor.java:1149)
	at java.util.concurrent.ThreadPoolExecutor$Worker.run(ThreadPoolExecutor.java:624)
	at java.lang.Thread.run(Thread.java:748)
Caused by: java.lang.reflect.InvocationTargetException
	at sun.reflect.GeneratedMethodAccessor3.invoke(Unknown Source)
	at sun.reflect.DelegatingMethodAccessorImpl.invoke(DelegatingMethodAccessorImpl.java:43)
	at java.lang.reflect.Method.invoke(Method.java:498)
	at org.eclipse.lsp4j.jsonrpc.services.GenericEndpoint.lambda$null$0(GenericEndpoint.java:65)
	... 11 more
Caused by: java.lang.IllegalArgumentException: 'other' has different root
	at sun.nio.fs.WindowsPath.relativize(WindowsPath.java:392)
	at sun.nio.fs.WindowsPath.relativize(WindowsPath.java:44)
	at scala.meta.io.AbsolutePath.toRelative(AbsolutePath.scala:40)
	at scala.meta.internal.metals.MetalsEnrichments$XtensionAbsolutePathBuffers.toRelativeInside(MetalsEnrichments.scala:280)
	at scala.meta.internal.metals.BuildTargets.inferBuildTarget(BuildTargets.scala:302)
	at scala.meta.internal.metals.BuildTargets.$anonfun$inverseSources$2(BuildTargets.scala:262)
	at scala.Option.orElse(Option.scala:447)
	at scala.meta.internal.metals.BuildTargets.inverseSources(BuildTargets.scala:262)
	at scala.meta.internal.metals.MetalsLanguageServer.didFocus(MetalsLanguageServer.scala:1019)
	... 15 more

°ËÔÂ 05, 2021 10:43:42 ÉÏÎç org.eclipse.lsp4j.jsonrpc.RemoteEndpoint handleNotification
¾¯¸æ: Notification threw an exception: {
  "jsonrpc": "2.0",
  "method": "metals/didFocusTextDocument",
  "params": [
    "file:///d%3A/%E5%A4%A7%E6%95%B0%E6%8D%AE/JUC/source/juc-day01/src/com/atguigu/juc/TestAtomicDemo.java"
  ]
}
java.lang.RuntimeException: java.lang.reflect.InvocationTargetException
	at org.eclipse.lsp4j.jsonrpc.services.GenericEndpoint.lambda$null$0(GenericEndpoint.java:67)
	at org.eclipse.lsp4j.jsonrpc.services.GenericEndpoint.notify(GenericEndpoint.java:152)
	at org.eclipse.lsp4j.jsonrpc.RemoteEndpoint.handleNotification(RemoteEndpoint.java:220)
	at org.eclipse.lsp4j.jsonrpc.RemoteEndpoint.consume(RemoteEndpoint.java:187)
	at org.eclipse.lsp4j.jsonrpc.json.StreamMessageProducer.handleMessage(StreamMessageProducer.java:194)
	at org.eclipse.lsp4j.jsonrpc.json.StreamMessageProducer.listen(StreamMessageProducer.java:94)
	at org.eclipse.lsp4j.jsonrpc.json.ConcurrentMessageProcessor.run(ConcurrentMessageProcessor.java:113)
	at java.util.concurrent.Executors$RunnableAdapter.call(Executors.java:511)
	at java.util.concurrent.FutureTask.run(FutureTask.java:266)
	at java.util.concurrent.ThreadPoolExecutor.runWorker(ThreadPoolExecutor.java:1149)
	at java.util.concurrent.ThreadPoolExecutor$Worker.run(ThreadPoolExecutor.java:624)
	at java.lang.Thread.run(Thread.java:748)
Caused by: java.lang.reflect.InvocationTargetException
	at sun.reflect.GeneratedMethodAccessor3.invoke(Unknown Source)
	at sun.reflect.DelegatingMethodAccessorImpl.invoke(DelegatingMethodAccessorImpl.java:43)
	at java.lang.reflect.Method.invoke(Method.java:498)
	at org.eclipse.lsp4j.jsonrpc.services.GenericEndpoint.lambda$null$0(GenericEndpoint.java:65)
	... 11 more
Caused by: java.lang.IllegalArgumentException: 'other' has different root
	at sun.nio.fs.WindowsPath.relativize(WindowsPath.java:392)
	at sun.nio.fs.WindowsPath.relativize(WindowsPath.java:44)
	at scala.meta.io.AbsolutePath.toRelative(AbsolutePath.scala:40)
	at scala.meta.internal.metals.MetalsEnrichments$XtensionAbsolutePathBuffers.toRelativeInside(MetalsEnrichments.scala:280)
	at scala.meta.internal.metals.BuildTargets.inferBuildTarget(BuildTargets.scala:302)
	at scala.meta.internal.metals.BuildTargets.$anonfun$inverseSources$2(BuildTargets.scala:262)
	at scala.Option.orElse(Option.scala:447)
	at scala.meta.internal.metals.BuildTargets.inverseSources(BuildTargets.scala:262)
	at scala.meta.internal.metals.MetalsLanguageServer.didFocus(MetalsLanguageServer.scala:1019)
	... 15 more

°ËÔÂ 05, 2021 11:49:44 ÉÏÎç org.eclipse.lsp4j.jsonrpc.RemoteEndpoint handleNotification
¾¯¸æ: Notification threw an exception: {
  "jsonrpc": "2.0",
  "method": "metals/didFocusTextDocument",
  "params": [
    "file:///d%3A/%E5%A4%A7%E6%95%B0%E6%8D%AE/JUC/source/juc-day01/src/com/atguigu/juc/TestAtomicDemo.java"
  ]
}
java.lang.RuntimeException: java.lang.reflect.InvocationTargetException
	at org.eclipse.lsp4j.jsonrpc.services.GenericEndpoint.lambda$null$0(GenericEndpoint.java:67)
	at org.eclipse.lsp4j.jsonrpc.services.GenericEndpoint.notify(GenericEndpoint.java:152)
	at org.eclipse.lsp4j.jsonrpc.RemoteEndpoint.handleNotification(RemoteEndpoint.java:220)
	at org.eclipse.lsp4j.jsonrpc.RemoteEndpoint.consume(RemoteEndpoint.java:187)
	at org.eclipse.lsp4j.jsonrpc.json.StreamMessageProducer.handleMessage(StreamMessageProducer.java:194)
	at org.eclipse.lsp4j.jsonrpc.json.StreamMessageProducer.listen(StreamMessageProducer.java:94)
	at org.eclipse.lsp4j.jsonrpc.json.ConcurrentMessageProcessor.run(ConcurrentMessageProcessor.java:113)
	at java.util.concurrent.Executors$RunnableAdapter.call(Executors.java:511)
	at java.util.concurrent.FutureTask.run(FutureTask.java:266)
	at java.util.concurrent.ThreadPoolExecutor.runWorker(ThreadPoolExecutor.java:1149)
	at java.util.concurrent.ThreadPoolExecutor$Worker.run(ThreadPoolExecutor.java:624)
	at java.lang.Thread.run(Thread.java:748)
Caused by: java.lang.reflect.InvocationTargetException
	at sun.reflect.GeneratedMethodAccessor3.invoke(Unknown Source)
	at sun.reflect.DelegatingMethodAccessorImpl.invoke(DelegatingMethodAccessorImpl.java:43)
	at java.lang.reflect.Method.invoke(Method.java:498)
	at org.eclipse.lsp4j.jsonrpc.services.GenericEndpoint.lambda$null$0(GenericEndpoint.java:65)
	... 11 more
Caused by: java.lang.IllegalArgumentException: 'other' has different root
	at sun.nio.fs.WindowsPath.relativize(WindowsPath.java:392)
	at sun.nio.fs.WindowsPath.relativize(WindowsPath.java:44)
	at scala.meta.io.AbsolutePath.toRelative(AbsolutePath.scala:40)
	at scala.meta.internal.metals.MetalsEnrichments$XtensionAbsolutePathBuffers.toRelativeInside(MetalsEnrichments.scala:280)
	at scala.meta.internal.metals.BuildTargets.inferBuildTarget(BuildTargets.scala:302)
	at scala.meta.internal.metals.BuildTargets.$anonfun$inverseSources$2(BuildTargets.scala:262)
	at scala.Option.orElse(Option.scala:447)
	at scala.meta.internal.metals.BuildTargets.inverseSources(BuildTargets.scala:262)
	at scala.meta.internal.metals.MetalsLanguageServer.didFocus(MetalsLanguageServer.scala:1019)
	... 15 more

°ËÔÂ 05, 2021 1:22:04 ÏÂÎç org.eclipse.lsp4j.jsonrpc.RemoteEndpoint handleNotification
¾¯¸æ: Notification threw an exception: {
  "jsonrpc": "2.0",
  "method": "metals/didFocusTextDocument",
  "params": [
    "file:///d%3A/%E5%A4%A7%E6%95%B0%E6%8D%AE/JUC/source/juc-day01/src/com/atguigu/juc/TestAtomicDemo.java"
  ]
}
java.lang.RuntimeException: java.lang.reflect.InvocationTargetException
	at org.eclipse.lsp4j.jsonrpc.services.GenericEndpoint.lambda$null$0(GenericEndpoint.java:67)
	at org.eclipse.lsp4j.jsonrpc.services.GenericEndpoint.notify(GenericEndpoint.java:152)
	at org.eclipse.lsp4j.jsonrpc.RemoteEndpoint.handleNotification(RemoteEndpoint.java:220)
	at org.eclipse.lsp4j.jsonrpc.RemoteEndpoint.consume(RemoteEndpoint.java:187)
	at org.eclipse.lsp4j.jsonrpc.json.StreamMessageProducer.handleMessage(StreamMessageProducer.java:194)
	at org.eclipse.lsp4j.jsonrpc.json.StreamMessageProducer.listen(StreamMessageProducer.java:94)
	at org.eclipse.lsp4j.jsonrpc.json.ConcurrentMessageProcessor.run(ConcurrentMessageProcessor.java:113)
	at java.util.concurrent.Executors$RunnableAdapter.call(Executors.java:511)
	at java.util.concurrent.FutureTask.run(FutureTask.java:266)
	at java.util.concurrent.ThreadPoolExecutor.runWorker(ThreadPoolExecutor.java:1149)
	at java.util.concurrent.ThreadPoolExecutor$Worker.run(ThreadPoolExecutor.java:624)
	at java.lang.Thread.run(Thread.java:748)
Caused by: java.lang.reflect.InvocationTargetException
	at sun.reflect.GeneratedMethodAccessor3.invoke(Unknown Source)
	at sun.reflect.DelegatingMethodAccessorImpl.invoke(DelegatingMethodAccessorImpl.java:43)
	at java.lang.reflect.Method.invoke(Method.java:498)
	at org.eclipse.lsp4j.jsonrpc.services.GenericEndpoint.lambda$null$0(GenericEndpoint.java:65)
	... 11 more
Caused by: java.lang.IllegalArgumentException: 'other' has different root
	at sun.nio.fs.WindowsPath.relativize(WindowsPath.java:392)
	at sun.nio.fs.WindowsPath.relativize(WindowsPath.java:44)
	at scala.meta.io.AbsolutePath.toRelative(AbsolutePath.scala:40)
	at scala.meta.internal.metals.MetalsEnrichments$XtensionAbsolutePathBuffers.toRelativeInside(MetalsEnrichments.scala:280)
	at scala.meta.internal.metals.BuildTargets.inferBuildTarget(BuildTargets.scala:302)
	at scala.meta.internal.metals.BuildTargets.$anonfun$inverseSources$2(BuildTargets.scala:262)
	at scala.Option.orElse(Option.scala:447)
	at scala.meta.internal.metals.BuildTargets.inverseSources(BuildTargets.scala:262)
	at scala.meta.internal.metals.MetalsLanguageServer.didFocus(MetalsLanguageServer.scala:1019)
	... 15 more

°ËÔÂ 05, 2021 1:23:52 ÏÂÎç org.eclipse.lsp4j.jsonrpc.RemoteEndpoint handleNotification
¾¯¸æ: Notification threw an exception: {
  "jsonrpc": "2.0",
  "method": "metals/didFocusTextDocument",
  "params": [
    "file:///d%3A/%E5%A4%A7%E6%95%B0%E6%8D%AE/JUC/source/juc-day01/src/com/atguigu/juc/TestAtomicDemo.java"
  ]
}
java.lang.RuntimeException: java.lang.reflect.InvocationTargetException
	at org.eclipse.lsp4j.jsonrpc.services.GenericEndpoint.lambda$null$0(GenericEndpoint.java:67)
	at org.eclipse.lsp4j.jsonrpc.services.GenericEndpoint.notify(GenericEndpoint.java:152)
	at org.eclipse.lsp4j.jsonrpc.RemoteEndpoint.handleNotification(RemoteEndpoint.java:220)
	at org.eclipse.lsp4j.jsonrpc.RemoteEndpoint.consume(RemoteEndpoint.java:187)
	at org.eclipse.lsp4j.jsonrpc.json.StreamMessageProducer.handleMessage(StreamMessageProducer.java:194)
	at org.eclipse.lsp4j.jsonrpc.json.StreamMessageProducer.listen(StreamMessageProducer.java:94)
	at org.eclipse.lsp4j.jsonrpc.json.ConcurrentMessageProcessor.run(ConcurrentMessageProcessor.java:113)
	at java.util.concurrent.Executors$RunnableAdapter.call(Executors.java:511)
	at java.util.concurrent.FutureTask.run(FutureTask.java:266)
	at java.util.concurrent.ThreadPoolExecutor.runWorker(ThreadPoolExecutor.java:1149)
	at java.util.concurrent.ThreadPoolExecutor$Worker.run(ThreadPoolExecutor.java:624)
	at java.lang.Thread.run(Thread.java:748)
Caused by: java.lang.reflect.InvocationTargetException
	at sun.reflect.GeneratedMethodAccessor3.invoke(Unknown Source)
	at sun.reflect.DelegatingMethodAccessorImpl.invoke(DelegatingMethodAccessorImpl.java:43)
	at java.lang.reflect.Method.invoke(Method.java:498)
	at org.eclipse.lsp4j.jsonrpc.services.GenericEndpoint.lambda$null$0(GenericEndpoint.java:65)
	... 11 more
Caused by: java.lang.IllegalArgumentException: 'other' has different root
	at sun.nio.fs.WindowsPath.relativize(WindowsPath.java:392)
	at sun.nio.fs.WindowsPath.relativize(WindowsPath.java:44)
	at scala.meta.io.AbsolutePath.toRelative(AbsolutePath.scala:40)
	at scala.meta.internal.metals.MetalsEnrichments$XtensionAbsolutePathBuffers.toRelativeInside(MetalsEnrichments.scala:280)
	at scala.meta.internal.metals.BuildTargets.inferBuildTarget(BuildTargets.scala:302)
	at scala.meta.internal.metals.BuildTargets.$anonfun$inverseSources$2(BuildTargets.scala:262)
	at scala.Option.orElse(Option.scala:447)
	at scala.meta.internal.metals.BuildTargets.inverseSources(BuildTargets.scala:262)
	at scala.meta.internal.metals.MetalsLanguageServer.didFocus(MetalsLanguageServer.scala:1019)
	... 15 more

°ËÔÂ 05, 2021 3:27:42 ÏÂÎç org.eclipse.lsp4j.jsonrpc.RemoteEndpoint handleNotification
¾¯¸æ: Notification threw an exception: {
  "jsonrpc": "2.0",
  "method": "metals/didFocusTextDocument",
  "params": [
    "file:///d%3A/%E5%A4%A7%E6%95%B0%E6%8D%AE/JUC/source/juc-day01/src/com/atguigu/juc/TestAtomicDemo.java"
  ]
}
java.lang.RuntimeException: java.lang.reflect.InvocationTargetException
	at org.eclipse.lsp4j.jsonrpc.services.GenericEndpoint.lambda$null$0(GenericEndpoint.java:67)
	at org.eclipse.lsp4j.jsonrpc.services.GenericEndpoint.notify(GenericEndpoint.java:152)
	at org.eclipse.lsp4j.jsonrpc.RemoteEndpoint.handleNotification(RemoteEndpoint.java:220)
	at org.eclipse.lsp4j.jsonrpc.RemoteEndpoint.consume(RemoteEndpoint.java:187)
	at org.eclipse.lsp4j.jsonrpc.json.StreamMessageProducer.handleMessage(StreamMessageProducer.java:194)
	at org.eclipse.lsp4j.jsonrpc.json.StreamMessageProducer.listen(StreamMessageProducer.java:94)
	at org.eclipse.lsp4j.jsonrpc.json.ConcurrentMessageProcessor.run(ConcurrentMessageProcessor.java:113)
	at java.util.concurrent.Executors$RunnableAdapter.call(Executors.java:511)
	at java.util.concurrent.FutureTask.run(FutureTask.java:266)
	at java.util.concurrent.ThreadPoolExecutor.runWorker(ThreadPoolExecutor.java:1149)
	at java.util.concurrent.ThreadPoolExecutor$Worker.run(ThreadPoolExecutor.java:624)
	at java.lang.Thread.run(Thread.java:748)
Caused by: java.lang.reflect.InvocationTargetException
	at sun.reflect.GeneratedMethodAccessor3.invoke(Unknown Source)
	at sun.reflect.DelegatingMethodAccessorImpl.invoke(DelegatingMethodAccessorImpl.java:43)
	at java.lang.reflect.Method.invoke(Method.java:498)
	at org.eclipse.lsp4j.jsonrpc.services.GenericEndpoint.lambda$null$0(GenericEndpoint.java:65)
	... 11 more
Caused by: java.lang.IllegalArgumentException: 'other' has different root
	at sun.nio.fs.WindowsPath.relativize(WindowsPath.java:392)
	at sun.nio.fs.WindowsPath.relativize(WindowsPath.java:44)
	at scala.meta.io.AbsolutePath.toRelative(AbsolutePath.scala:40)
	at scala.meta.internal.metals.MetalsEnrichments$XtensionAbsolutePathBuffers.toRelativeInside(MetalsEnrichments.scala:280)
	at scala.meta.internal.metals.BuildTargets.inferBuildTarget(BuildTargets.scala:302)
	at scala.meta.internal.metals.BuildTargets.$anonfun$inverseSources$2(BuildTargets.scala:262)
	at scala.Option.orElse(Option.scala:447)
	at scala.meta.internal.metals.BuildTargets.inverseSources(BuildTargets.scala:262)
	at scala.meta.internal.metals.MetalsLanguageServer.didFocus(MetalsLanguageServer.scala:1019)
	... 15 more

°ËÔÂ 05, 2021 6:31:11 ÏÂÎç org.eclipse.lsp4j.jsonrpc.RemoteEndpoint handleNotification
¾¯¸æ: Notification threw an exception: {
  "jsonrpc": "2.0",
  "method": "metals/didFocusTextDocument",
  "params": [
    "file:///d%3A/%E5%A4%A7%E6%95%B0%E6%8D%AE/JUC/source/juc-day01/src/com/atguigu/juc/TestAtomicDemo.java"
  ]
}
java.lang.RuntimeException: java.lang.reflect.InvocationTargetException
	at org.eclipse.lsp4j.jsonrpc.services.GenericEndpoint.lambda$null$0(GenericEndpoint.java:67)
	at org.eclipse.lsp4j.jsonrpc.services.GenericEndpoint.notify(GenericEndpoint.java:152)
	at org.eclipse.lsp4j.jsonrpc.RemoteEndpoint.handleNotification(RemoteEndpoint.java:220)
	at org.eclipse.lsp4j.jsonrpc.RemoteEndpoint.consume(RemoteEndpoint.java:187)
	at org.eclipse.lsp4j.jsonrpc.json.StreamMessageProducer.handleMessage(StreamMessageProducer.java:194)
	at org.eclipse.lsp4j.jsonrpc.json.StreamMessageProducer.listen(StreamMessageProducer.java:94)
	at org.eclipse.lsp4j.jsonrpc.json.ConcurrentMessageProcessor.run(ConcurrentMessageProcessor.java:113)
	at java.util.concurrent.Executors$RunnableAdapter.call(Executors.java:511)
	at java.util.concurrent.FutureTask.run(FutureTask.java:266)
	at java.util.concurrent.ThreadPoolExecutor.runWorker(ThreadPoolExecutor.java:1149)
	at java.util.concurrent.ThreadPoolExecutor$Worker.run(ThreadPoolExecutor.java:624)
	at java.lang.Thread.run(Thread.java:748)
Caused by: java.lang.reflect.InvocationTargetException
	at sun.reflect.GeneratedMethodAccessor3.invoke(Unknown Source)
	at sun.reflect.DelegatingMethodAccessorImpl.invoke(DelegatingMethodAccessorImpl.java:43)
	at java.lang.reflect.Method.invoke(Method.java:498)
	at org.eclipse.lsp4j.jsonrpc.services.GenericEndpoint.lambda$null$0(GenericEndpoint.java:65)
	... 11 more
Caused by: java.lang.IllegalArgumentException: 'other' has different root
	at sun.nio.fs.WindowsPath.relativize(WindowsPath.java:392)
	at sun.nio.fs.WindowsPath.relativize(WindowsPath.java:44)
	at scala.meta.io.AbsolutePath.toRelative(AbsolutePath.scala:40)
	at scala.meta.internal.metals.MetalsEnrichments$XtensionAbsolutePathBuffers.toRelativeInside(MetalsEnrichments.scala:280)
	at scala.meta.internal.metals.BuildTargets.inferBuildTarget(BuildTargets.scala:302)
	at scala.meta.internal.metals.BuildTargets.$anonfun$inverseSources$2(BuildTargets.scala:262)
	at scala.Option.orElse(Option.scala:447)
	at scala.meta.internal.metals.BuildTargets.inverseSources(BuildTargets.scala:262)
	at scala.meta.internal.metals.MetalsLanguageServer.didFocus(MetalsLanguageServer.scala:1019)
	... 15 more

°ËÔÂ 07, 2021 11:19:25 ÉÏÎç org.eclipse.lsp4j.jsonrpc.RemoteEndpoint handleNotification
¾¯¸æ: Notification threw an exception: {
  "jsonrpc": "2.0",
  "method": "metals/didFocusTextDocument",
  "params": [
    "file:///d%3A/%E5%A4%A7%E6%95%B0%E6%8D%AE/JUC/source/juc-day01/src/com/atguigu/juc/TestAtomicDemo.java"
  ]
}
java.lang.RuntimeException: java.lang.reflect.InvocationTargetException
	at org.eclipse.lsp4j.jsonrpc.services.GenericEndpoint.lambda$null$0(GenericEndpoint.java:67)
	at org.eclipse.lsp4j.jsonrpc.services.GenericEndpoint.notify(GenericEndpoint.java:152)
	at org.eclipse.lsp4j.jsonrpc.RemoteEndpoint.handleNotification(RemoteEndpoint.java:220)
	at org.eclipse.lsp4j.jsonrpc.RemoteEndpoint.consume(RemoteEndpoint.java:187)
	at org.eclipse.lsp4j.jsonrpc.json.StreamMessageProducer.handleMessage(StreamMessageProducer.java:194)
	at org.eclipse.lsp4j.jsonrpc.json.StreamMessageProducer.listen(StreamMessageProducer.java:94)
	at org.eclipse.lsp4j.jsonrpc.json.ConcurrentMessageProcessor.run(ConcurrentMessageProcessor.java:113)
	at java.util.concurrent.Executors$RunnableAdapter.call(Executors.java:511)
	at java.util.concurrent.FutureTask.run(FutureTask.java:266)
	at java.util.concurrent.ThreadPoolExecutor.runWorker(ThreadPoolExecutor.java:1149)
	at java.util.concurrent.ThreadPoolExecutor$Worker.run(ThreadPoolExecutor.java:624)
	at java.lang.Thread.run(Thread.java:748)
Caused by: java.lang.reflect.InvocationTargetException
	at sun.reflect.GeneratedMethodAccessor3.invoke(Unknown Source)
	at sun.reflect.DelegatingMethodAccessorImpl.invoke(DelegatingMethodAccessorImpl.java:43)
	at java.lang.reflect.Method.invoke(Method.java:498)
	at org.eclipse.lsp4j.jsonrpc.services.GenericEndpoint.lambda$null$0(GenericEndpoint.java:65)
	... 11 more
Caused by: java.lang.IllegalArgumentException: 'other' has different root
	at sun.nio.fs.WindowsPath.relativize(WindowsPath.java:392)
	at sun.nio.fs.WindowsPath.relativize(WindowsPath.java:44)
	at scala.meta.io.AbsolutePath.toRelative(AbsolutePath.scala:40)
	at scala.meta.internal.metals.MetalsEnrichments$XtensionAbsolutePathBuffers.toRelativeInside(MetalsEnrichments.scala:280)
	at scala.meta.internal.metals.BuildTargets.inferBuildTarget(BuildTargets.scala:302)
	at scala.meta.internal.metals.BuildTargets.$anonfun$inverseSources$2(BuildTargets.scala:262)
	at scala.Option.orElse(Option.scala:447)
	at scala.meta.internal.metals.BuildTargets.inverseSources(BuildTargets.scala:262)
	at scala.meta.internal.metals.MetalsLanguageServer.didFocus(MetalsLanguageServer.scala:1019)
	... 15 more

°ËÔÂ 07, 2021 3:34:50 ÏÂÎç org.eclipse.lsp4j.jsonrpc.RemoteEndpoint handleNotification
¾¯¸æ: Notification threw an exception: {
  "jsonrpc": "2.0",
  "method": "metals/didFocusTextDocument",
  "params": [
    "file:///d%3A/%E5%A4%A7%E6%95%B0%E6%8D%AE/JUC/source/juc-day01/src/com/atguigu/juc/TestAtomicDemo.java"
  ]
}
java.lang.RuntimeException: java.lang.reflect.InvocationTargetException
	at org.eclipse.lsp4j.jsonrpc.services.GenericEndpoint.lambda$null$0(GenericEndpoint.java:67)
	at org.eclipse.lsp4j.jsonrpc.services.GenericEndpoint.notify(GenericEndpoint.java:152)
	at org.eclipse.lsp4j.jsonrpc.RemoteEndpoint.handleNotification(RemoteEndpoint.java:220)
	at org.eclipse.lsp4j.jsonrpc.RemoteEndpoint.consume(RemoteEndpoint.java:187)
	at org.eclipse.lsp4j.jsonrpc.json.StreamMessageProducer.handleMessage(StreamMessageProducer.java:194)
	at org.eclipse.lsp4j.jsonrpc.json.StreamMessageProducer.listen(StreamMessageProducer.java:94)
	at org.eclipse.lsp4j.jsonrpc.json.ConcurrentMessageProcessor.run(ConcurrentMessageProcessor.java:113)
	at java.util.concurrent.Executors$RunnableAdapter.call(Executors.java:511)
	at java.util.concurrent.FutureTask.run(FutureTask.java:266)
	at java.util.concurrent.ThreadPoolExecutor.runWorker(ThreadPoolExecutor.java:1149)
	at java.util.concurrent.ThreadPoolExecutor$Worker.run(ThreadPoolExecutor.java:624)
	at java.lang.Thread.run(Thread.java:748)
Caused by: java.lang.reflect.InvocationTargetException
	at sun.reflect.GeneratedMethodAccessor3.invoke(Unknown Source)
	at sun.reflect.DelegatingMethodAccessorImpl.invoke(DelegatingMethodAccessorImpl.java:43)
	at java.lang.reflect.Method.invoke(Method.java:498)
	at org.eclipse.lsp4j.jsonrpc.services.GenericEndpoint.lambda$null$0(GenericEndpoint.java:65)
	... 11 more
Caused by: java.lang.IllegalArgumentException: 'other' has different root
	at sun.nio.fs.WindowsPath.relativize(WindowsPath.java:392)
	at sun.nio.fs.WindowsPath.relativize(WindowsPath.java:44)
	at scala.meta.io.AbsolutePath.toRelative(AbsolutePath.scala:40)
	at scala.meta.internal.metals.MetalsEnrichments$XtensionAbsolutePathBuffers.toRelativeInside(MetalsEnrichments.scala:280)
	at scala.meta.internal.metals.BuildTargets.inferBuildTarget(BuildTargets.scala:302)
	at scala.meta.internal.metals.BuildTargets.$anonfun$inverseSources$2(BuildTargets.scala:262)
	at scala.Option.orElse(Option.scala:447)
	at scala.meta.internal.metals.BuildTargets.inverseSources(BuildTargets.scala:262)
	at scala.meta.internal.metals.MetalsLanguageServer.didFocus(MetalsLanguageServer.scala:1019)
	... 15 more

°ËÔÂ 07, 2021 3:51:22 ÏÂÎç org.eclipse.lsp4j.jsonrpc.services.GenericEndpoint notify
ÐÅÏ¢: Unsupported notification method: $/setTrace
°ËÔÂ 07, 2021 3:51:22 ÏÂÎç org.eclipse.lsp4j.jsonrpc.services.GenericEndpoint notify
ÐÅÏ¢: Unsupported notification method: $/setTrace
[0m2021.08.07 17:20:10 INFO  Started: Metals version 0.10.5 in workspace 'E:\codingExercise\java\cocurrent' for client Visual Studio Code 1.59.0.[0m
[0m2021.08.07 17:20:12 INFO  time: initialize in 1.96s[0m
[0m2021.08.07 17:20:18 WARN  Build server is not auto-connectable.[0m
[0m2021.08.07 17:20:18 WARN  no build tool detected in workspace 'E:\codingExercise\java\cocurrent'. The most common cause for this problem is that the editor was opened in the wrong working directory, for example if you use sbt then the workspace directory should contain build.sbt. [0m
°ËÔÂ 07, 2021 5:21:19 ÏÂÎç org.eclipse.lsp4j.jsonrpc.RemoteEndpoint handleNotification
¾¯¸æ: Notification threw an exception: {
  "jsonrpc": "2.0",
  "method": "metals/didFocusTextDocument",
  "params": [
    "file:///d%3A/%E5%A4%A7%E6%95%B0%E6%8D%AE/JUC/source/juc-day01/src/com/atguigu/juc/TestAtomicDemo.java"
  ]
}
java.lang.RuntimeException: java.lang.reflect.InvocationTargetException
	at org.eclipse.lsp4j.jsonrpc.services.GenericEndpoint.lambda$null$0(GenericEndpoint.java:67)
	at org.eclipse.lsp4j.jsonrpc.services.GenericEndpoint.notify(GenericEndpoint.java:152)
	at org.eclipse.lsp4j.jsonrpc.RemoteEndpoint.handleNotification(RemoteEndpoint.java:220)
	at org.eclipse.lsp4j.jsonrpc.RemoteEndpoint.consume(RemoteEndpoint.java:187)
	at org.eclipse.lsp4j.jsonrpc.json.StreamMessageProducer.handleMessage(StreamMessageProducer.java:194)
	at org.eclipse.lsp4j.jsonrpc.json.StreamMessageProducer.listen(StreamMessageProducer.java:94)
	at org.eclipse.lsp4j.jsonrpc.json.ConcurrentMessageProcessor.run(ConcurrentMessageProcessor.java:113)
	at java.util.concurrent.Executors$RunnableAdapter.call(Executors.java:511)
	at java.util.concurrent.FutureTask.run(FutureTask.java:266)
	at java.util.concurrent.ThreadPoolExecutor.runWorker(ThreadPoolExecutor.java:1149)
	at java.util.concurrent.ThreadPoolExecutor$Worker.run(ThreadPoolExecutor.java:624)
	at java.lang.Thread.run(Thread.java:748)
Caused by: java.lang.reflect.InvocationTargetException
	at sun.reflect.NativeMethodAccessorImpl.invoke0(Native Method)
	at sun.reflect.NativeMethodAccessorImpl.invoke(NativeMethodAccessorImpl.java:62)
	at sun.reflect.DelegatingMethodAccessorImpl.invoke(DelegatingMethodAccessorImpl.java:43)
	at java.lang.reflect.Method.invoke(Method.java:498)
	at org.eclipse.lsp4j.jsonrpc.services.GenericEndpoint.lambda$null$0(GenericEndpoint.java:65)
	... 11 more
Caused by: java.lang.IllegalArgumentException: 'other' has different root
	at sun.nio.fs.WindowsPath.relativize(WindowsPath.java:392)
	at sun.nio.fs.WindowsPath.relativize(WindowsPath.java:44)
	at scala.meta.io.AbsolutePath.toRelative(AbsolutePath.scala:40)
	at scala.meta.internal.metals.MetalsEnrichments$XtensionAbsolutePathBuffers.toRelativeInside(MetalsEnrichments.scala:280)
	at scala.meta.internal.metals.BuildTargets.inferBuildTarget(BuildTargets.scala:302)
	at scala.meta.internal.metals.BuildTargets.$anonfun$inverseSources$2(BuildTargets.scala:262)
	at scala.Option.orElse(Option.scala:447)
	at scala.meta.internal.metals.BuildTargets.inverseSources(BuildTargets.scala:262)
	at scala.meta.internal.metals.MetalsLanguageServer.didFocus(MetalsLanguageServer.scala:1019)
	... 16 more

°ËÔÂ 07, 2021 5:32:16 ÏÂÎç org.eclipse.lsp4j.jsonrpc.services.GenericEndpoint notify
ÐÅÏ¢: Unsupported notification method: $/setTrace
°ËÔÂ 07, 2021 6:49:31 ÏÂÎç org.eclipse.lsp4j.jsonrpc.RemoteEndpoint handleNotification
¾¯¸æ: Notification threw an exception: {
  "jsonrpc": "2.0",
  "method": "metals/didFocusTextDocument",
  "params": [
    "file:///d%3A/%E5%A4%A7%E6%95%B0%E6%8D%AE/JUC/source/juc-day01/src/com/atguigu/juc/TestAtomicDemo.java"
  ]
}
java.lang.RuntimeException: java.lang.reflect.InvocationTargetException
	at org.eclipse.lsp4j.jsonrpc.services.GenericEndpoint.lambda$null$0(GenericEndpoint.java:67)
	at org.eclipse.lsp4j.jsonrpc.services.GenericEndpoint.notify(GenericEndpoint.java:152)
	at org.eclipse.lsp4j.jsonrpc.RemoteEndpoint.handleNotification(RemoteEndpoint.java:220)
	at org.eclipse.lsp4j.jsonrpc.RemoteEndpoint.consume(RemoteEndpoint.java:187)
	at org.eclipse.lsp4j.jsonrpc.json.StreamMessageProducer.handleMessage(StreamMessageProducer.java:194)
	at org.eclipse.lsp4j.jsonrpc.json.StreamMessageProducer.listen(StreamMessageProducer.java:94)
	at org.eclipse.lsp4j.jsonrpc.json.ConcurrentMessageProcessor.run(ConcurrentMessageProcessor.java:113)
	at java.util.concurrent.Executors$RunnableAdapter.call(Executors.java:511)
	at java.util.concurrent.FutureTask.run(FutureTask.java:266)
	at java.util.concurrent.ThreadPoolExecutor.runWorker(ThreadPoolExecutor.java:1149)
	at java.util.concurrent.ThreadPoolExecutor$Worker.run(ThreadPoolExecutor.java:624)
	at java.lang.Thread.run(Thread.java:748)
Caused by: java.lang.reflect.InvocationTargetException
	at sun.reflect.NativeMethodAccessorImpl.invoke0(Native Method)
	at sun.reflect.NativeMethodAccessorImpl.invoke(NativeMethodAccessorImpl.java:62)
	at sun.reflect.DelegatingMethodAccessorImpl.invoke(DelegatingMethodAccessorImpl.java:43)
	at java.lang.reflect.Method.invoke(Method.java:498)
	at org.eclipse.lsp4j.jsonrpc.services.GenericEndpoint.lambda$null$0(GenericEndpoint.java:65)
	... 11 more
Caused by: java.lang.IllegalArgumentException: 'other' has different root
	at sun.nio.fs.WindowsPath.relativize(WindowsPath.java:392)
	at sun.nio.fs.WindowsPath.relativize(WindowsPath.java:44)
	at scala.meta.io.AbsolutePath.toRelative(AbsolutePath.scala:40)
	at scala.meta.internal.metals.MetalsEnrichments$XtensionAbsolutePathBuffers.toRelativeInside(MetalsEnrichments.scala:280)
	at scala.meta.internal.metals.BuildTargets.inferBuildTarget(BuildTargets.scala:302)
	at scala.meta.internal.metals.BuildTargets.$anonfun$inverseSources$2(BuildTargets.scala:262)
	at scala.Option.orElse(Option.scala:447)
	at scala.meta.internal.metals.BuildTargets.inverseSources(BuildTargets.scala:262)
	at scala.meta.internal.metals.MetalsLanguageServer.didFocus(MetalsLanguageServer.scala:1019)
	... 16 more

[0m2021.08.09 13:02:46 INFO  Started: Metals version 0.10.5 in workspace 'E:\codingExercise\java\cocurrent' for client Visual Studio Code 1.59.0.[0m
[0m2021.08.09 13:02:47 INFO  time: initialize in 1.07s[0m
[0m2021.08.09 13:02:55 WARN  Build server is not auto-connectable.[0m
[0m2021.08.09 13:02:55 WARN  no build tool detected in workspace 'E:\codingExercise\java\cocurrent'. The most common cause for this problem is that the editor was opened in the wrong working directory, for example if you use sbt then the workspace directory should contain build.sbt. [0m
[0m2021.08.13 11:22:14 INFO  Started: Metals version 0.10.5 in workspace 'E:\codingExercise\java\cocurrent' for client Visual Studio Code 1.59.0.[0m
[0m2021.08.13 11:22:15 INFO  time: initialize in 0.78s[0m
[0m2021.08.13 11:22:22 WARN  Build server is not auto-connectable.[0m
[0m2021.08.13 11:22:22 WARN  no build tool detected in workspace 'E:\codingExercise\java\cocurrent'. The most common cause for this problem is that the editor was opened in the wrong working directory, for example if you use sbt then the workspace directory should contain build.sbt. [0m
[0m2021.08.16 13:03:40 INFO  Started: Metals version 0.10.5 in workspace 'E:\codingExercise\java\cocurrent' for client Visual Studio Code 1.59.0.[0m
[0m2021.08.16 13:03:41 INFO  time: initialize in 1.15s[0m
[0m2021.08.16 13:03:49 WARN  Build server is not auto-connectable.[0m
[0m2021.08.16 13:03:49 WARN  no build tool detected in workspace 'E:\codingExercise\java\cocurrent'. The most common cause for this problem is that the editor was opened in the wrong working directory, for example if you use sbt then the workspace directory should contain build.sbt. [0m
°ËÔÂ 16, 2021 1:06:06 ÏÂÎç org.eclipse.lsp4j.jsonrpc.RemoteEndpoint handleNotification
¾¯¸æ: Notification threw an exception: {
  "jsonrpc": "2.0",
  "method": "metals/didFocusTextDocument",
  "params": [
    "file:///d%3A/%E5%A4%A7%E6%95%B0%E6%8D%AE/JUC/source/juc-day01/src/com/atguigu/juc/TestAtomicDemo.java"
  ]
}
java.lang.RuntimeException: java.lang.reflect.InvocationTargetException
	at org.eclipse.lsp4j.jsonrpc.services.GenericEndpoint.lambda$null$0(GenericEndpoint.java:67)
	at org.eclipse.lsp4j.jsonrpc.services.GenericEndpoint.notify(GenericEndpoint.java:152)
	at org.eclipse.lsp4j.jsonrpc.RemoteEndpoint.handleNotification(RemoteEndpoint.java:220)
	at org.eclipse.lsp4j.jsonrpc.RemoteEndpoint.consume(RemoteEndpoint.java:187)
	at org.eclipse.lsp4j.jsonrpc.json.StreamMessageProducer.handleMessage(StreamMessageProducer.java:194)
	at org.eclipse.lsp4j.jsonrpc.json.StreamMessageProducer.listen(StreamMessageProducer.java:94)
	at org.eclipse.lsp4j.jsonrpc.json.ConcurrentMessageProcessor.run(ConcurrentMessageProcessor.java:113)
	at java.util.concurrent.Executors$RunnableAdapter.call(Executors.java:511)
	at java.util.concurrent.FutureTask.run(FutureTask.java:266)
	at java.util.concurrent.ThreadPoolExecutor.runWorker(ThreadPoolExecutor.java:1149)
	at java.util.concurrent.ThreadPoolExecutor$Worker.run(ThreadPoolExecutor.java:624)
	at java.lang.Thread.run(Thread.java:748)
Caused by: java.lang.reflect.InvocationTargetException
	at sun.reflect.NativeMethodAccessorImpl.invoke0(Native Method)
	at sun.reflect.NativeMethodAccessorImpl.invoke(NativeMethodAccessorImpl.java:62)
	at sun.reflect.DelegatingMethodAccessorImpl.invoke(DelegatingMethodAccessorImpl.java:43)
	at java.lang.reflect.Method.invoke(Method.java:498)
	at org.eclipse.lsp4j.jsonrpc.services.GenericEndpoint.lambda$null$0(GenericEndpoint.java:65)
	... 11 more
Caused by: java.lang.IllegalArgumentException: 'other' has different root
	at sun.nio.fs.WindowsPath.relativize(WindowsPath.java:392)
	at sun.nio.fs.WindowsPath.relativize(WindowsPath.java:44)
	at scala.meta.io.AbsolutePath.toRelative(AbsolutePath.scala:40)
	at scala.meta.internal.metals.MetalsEnrichments$XtensionAbsolutePathBuffers.toRelativeInside(MetalsEnrichments.scala:280)
	at scala.meta.internal.metals.BuildTargets.inferBuildTarget(BuildTargets.scala:302)
	at scala.meta.internal.metals.BuildTargets.$anonfun$inverseSources$2(BuildTargets.scala:262)
	at scala.Option.orElse(Option.scala:447)
	at scala.meta.internal.metals.BuildTargets.inverseSources(BuildTargets.scala:262)
	at scala.meta.internal.metals.MetalsLanguageServer.didFocus(MetalsLanguageServer.scala:1019)
	... 16 more

°ËÔÂ 16, 2021 1:06:08 ÏÂÎç org.eclipse.lsp4j.jsonrpc.RemoteEndpoint handleNotification
¾¯¸æ: Notification threw an exception: {
  "jsonrpc": "2.0",
  "method": "metals/didFocusTextDocument",
  "params": [
    "file:///d%3A/%E5%A4%A7%E6%95%B0%E6%8D%AE/JUC/source/juc-day01/src/com/atguigu/juc/TestAtomicDemo.java"
  ]
}
java.lang.RuntimeException: java.lang.reflect.InvocationTargetException
	at org.eclipse.lsp4j.jsonrpc.services.GenericEndpoint.lambda$null$0(GenericEndpoint.java:67)
	at org.eclipse.lsp4j.jsonrpc.services.GenericEndpoint.notify(GenericEndpoint.java:152)
	at org.eclipse.lsp4j.jsonrpc.RemoteEndpoint.handleNotification(RemoteEndpoint.java:220)
	at org.eclipse.lsp4j.jsonrpc.RemoteEndpoint.consume(RemoteEndpoint.java:187)
	at org.eclipse.lsp4j.jsonrpc.json.StreamMessageProducer.handleMessage(StreamMessageProducer.java:194)
	at org.eclipse.lsp4j.jsonrpc.json.StreamMessageProducer.listen(StreamMessageProducer.java:94)
	at org.eclipse.lsp4j.jsonrpc.json.ConcurrentMessageProcessor.run(ConcurrentMessageProcessor.java:113)
	at java.util.concurrent.Executors$RunnableAdapter.call(Executors.java:511)
	at java.util.concurrent.FutureTask.run(FutureTask.java:266)
	at java.util.concurrent.ThreadPoolExecutor.runWorker(ThreadPoolExecutor.java:1149)
	at java.util.concurrent.ThreadPoolExecutor$Worker.run(ThreadPoolExecutor.java:624)
	at java.lang.Thread.run(Thread.java:748)
Caused by: java.lang.reflect.InvocationTargetException
	at sun.reflect.NativeMethodAccessorImpl.invoke0(Native Method)
	at sun.reflect.NativeMethodAccessorImpl.invoke(NativeMethodAccessorImpl.java:62)
	at sun.reflect.DelegatingMethodAccessorImpl.invoke(DelegatingMethodAccessorImpl.java:43)
	at java.lang.reflect.Method.invoke(Method.java:498)
	at org.eclipse.lsp4j.jsonrpc.services.GenericEndpoint.lambda$null$0(GenericEndpoint.java:65)
	... 11 more
Caused by: java.lang.IllegalArgumentException: 'other' has different root
	at sun.nio.fs.WindowsPath.relativize(WindowsPath.java:392)
	at sun.nio.fs.WindowsPath.relativize(WindowsPath.java:44)
	at scala.meta.io.AbsolutePath.toRelative(AbsolutePath.scala:40)
	at scala.meta.internal.metals.MetalsEnrichments$XtensionAbsolutePathBuffers.toRelativeInside(MetalsEnrichments.scala:280)
	at scala.meta.internal.metals.BuildTargets.inferBuildTarget(BuildTargets.scala:302)
	at scala.meta.internal.metals.BuildTargets.$anonfun$inverseSources$2(BuildTargets.scala:262)
	at scala.Option.orElse(Option.scala:447)
	at scala.meta.internal.metals.BuildTargets.inverseSources(BuildTargets.scala:262)
	at scala.meta.internal.metals.MetalsLanguageServer.didFocus(MetalsLanguageServer.scala:1019)
	... 16 more

°ËÔÂ 16, 2021 1:06:36 ÏÂÎç org.eclipse.lsp4j.jsonrpc.RemoteEndpoint handleNotification
¾¯¸æ: Notification threw an exception: {
  "jsonrpc": "2.0",
  "method": "metals/didFocusTextDocument",
  "params": [
    "file:///d%3A/%E5%A4%A7%E6%95%B0%E6%8D%AE/JUC/source/juc-day01/src/com/atguigu/juc/TestAtomicDemo.java"
  ]
}
java.lang.RuntimeException: java.lang.reflect.InvocationTargetException
	at org.eclipse.lsp4j.jsonrpc.services.GenericEndpoint.lambda$null$0(GenericEndpoint.java:67)
	at org.eclipse.lsp4j.jsonrpc.services.GenericEndpoint.notify(GenericEndpoint.java:152)
	at org.eclipse.lsp4j.jsonrpc.RemoteEndpoint.handleNotification(RemoteEndpoint.java:220)
	at org.eclipse.lsp4j.jsonrpc.RemoteEndpoint.consume(RemoteEndpoint.java:187)
	at org.eclipse.lsp4j.jsonrpc.json.StreamMessageProducer.handleMessage(StreamMessageProducer.java:194)
	at org.eclipse.lsp4j.jsonrpc.json.StreamMessageProducer.listen(StreamMessageProducer.java:94)
	at org.eclipse.lsp4j.jsonrpc.json.ConcurrentMessageProcessor.run(ConcurrentMessageProcessor.java:113)
	at java.util.concurrent.Executors$RunnableAdapter.call(Executors.java:511)
	at java.util.concurrent.FutureTask.run(FutureTask.java:266)
	at java.util.concurrent.ThreadPoolExecutor.runWorker(ThreadPoolExecutor.java:1149)
	at java.util.concurrent.ThreadPoolExecutor$Worker.run(ThreadPoolExecutor.java:624)
	at java.lang.Thread.run(Thread.java:748)
Caused by: java.lang.reflect.InvocationTargetException
	at sun.reflect.NativeMethodAccessorImpl.invoke0(Native Method)
	at sun.reflect.NativeMethodAccessorImpl.invoke(NativeMethodAccessorImpl.java:62)
	at sun.reflect.DelegatingMethodAccessorImpl.invoke(DelegatingMethodAccessorImpl.java:43)
	at java.lang.reflect.Method.invoke(Method.java:498)
	at org.eclipse.lsp4j.jsonrpc.services.GenericEndpoint.lambda$null$0(GenericEndpoint.java:65)
	... 11 more
Caused by: java.lang.IllegalArgumentException: 'other' has different root
	at sun.nio.fs.WindowsPath.relativize(WindowsPath.java:392)
	at sun.nio.fs.WindowsPath.relativize(WindowsPath.java:44)
	at scala.meta.io.AbsolutePath.toRelative(AbsolutePath.scala:40)
	at scala.meta.internal.metals.MetalsEnrichments$XtensionAbsolutePathBuffers.toRelativeInside(MetalsEnrichments.scala:280)
	at scala.meta.internal.metals.BuildTargets.inferBuildTarget(BuildTargets.scala:302)
	at scala.meta.internal.metals.BuildTargets.$anonfun$inverseSources$2(BuildTargets.scala:262)
	at scala.Option.orElse(Option.scala:447)
	at scala.meta.internal.metals.BuildTargets.inverseSources(BuildTargets.scala:262)
	at scala.meta.internal.metals.MetalsLanguageServer.didFocus(MetalsLanguageServer.scala:1019)
	... 16 more

[0m2021.08.17 13:07:48 INFO  Started: Metals version 0.10.5 in workspace 'E:\codingExercise\java\cocurrent' for client Visual Studio Code 1.59.0.[0m
[0m2021.08.17 13:07:53 INFO  time: initialize in 4.82s[0m
[0m2021.08.17 13:08:06 WARN  Build server is not auto-connectable.[0m
[0m2021.08.17 13:08:06 WARN  no build tool detected in workspace 'E:\codingExercise\java\cocurrent'. The most common cause for this problem is that the editor was opened in the wrong working directory, for example if you use sbt then the workspace directory should contain build.sbt. [0m
°ËÔÂ 17, 2021 6:41:38 ÏÂÎç org.eclipse.lsp4j.jsonrpc.RemoteEndpoint handleNotification
¾¯¸æ: Notification threw an exception: {
  "jsonrpc": "2.0",
  "method": "metals/didFocusTextDocument",
  "params": [
    "file:///d%3A/%E5%A4%A7%E6%95%B0%E6%8D%AE/JUC/source/juc-day01/src/com/atguigu/juc/TestAtomicDemo.java"
  ]
}
java.lang.RuntimeException: java.lang.reflect.InvocationTargetException
	at org.eclipse.lsp4j.jsonrpc.services.GenericEndpoint.lambda$null$0(GenericEndpoint.java:67)
	at org.eclipse.lsp4j.jsonrpc.services.GenericEndpoint.notify(GenericEndpoint.java:152)
	at org.eclipse.lsp4j.jsonrpc.RemoteEndpoint.handleNotification(RemoteEndpoint.java:220)
	at org.eclipse.lsp4j.jsonrpc.RemoteEndpoint.consume(RemoteEndpoint.java:187)
	at org.eclipse.lsp4j.jsonrpc.json.StreamMessageProducer.handleMessage(StreamMessageProducer.java:194)
	at org.eclipse.lsp4j.jsonrpc.json.StreamMessageProducer.listen(StreamMessageProducer.java:94)
	at org.eclipse.lsp4j.jsonrpc.json.ConcurrentMessageProcessor.run(ConcurrentMessageProcessor.java:113)
	at java.util.concurrent.Executors$RunnableAdapter.call(Executors.java:511)
	at java.util.concurrent.FutureTask.run(FutureTask.java:266)
	at java.util.concurrent.ThreadPoolExecutor.runWorker(ThreadPoolExecutor.java:1149)
	at java.util.concurrent.ThreadPoolExecutor$Worker.run(ThreadPoolExecutor.java:624)
	at java.lang.Thread.run(Thread.java:748)
Caused by: java.lang.reflect.InvocationTargetException
	at sun.reflect.NativeMethodAccessorImpl.invoke0(Native Method)
	at sun.reflect.NativeMethodAccessorImpl.invoke(NativeMethodAccessorImpl.java:62)
	at sun.reflect.DelegatingMethodAccessorImpl.invoke(DelegatingMethodAccessorImpl.java:43)
	at java.lang.reflect.Method.invoke(Method.java:498)
	at org.eclipse.lsp4j.jsonrpc.services.GenericEndpoint.lambda$null$0(GenericEndpoint.java:65)
	... 11 more
Caused by: java.lang.IllegalArgumentException: 'other' has different root
	at sun.nio.fs.WindowsPath.relativize(WindowsPath.java:392)
	at sun.nio.fs.WindowsPath.relativize(WindowsPath.java:44)
	at scala.meta.io.AbsolutePath.toRelative(AbsolutePath.scala:40)
	at scala.meta.internal.metals.MetalsEnrichments$XtensionAbsolutePathBuffers.toRelativeInside(MetalsEnrichments.scala:280)
	at scala.meta.internal.metals.BuildTargets.inferBuildTarget(BuildTargets.scala:302)
	at scala.meta.internal.metals.BuildTargets.$anonfun$inverseSources$2(BuildTargets.scala:262)
	at scala.Option.orElse(Option.scala:447)
	at scala.meta.internal.metals.BuildTargets.inverseSources(BuildTargets.scala:262)
	at scala.meta.internal.metals.MetalsLanguageServer.didFocus(MetalsLanguageServer.scala:1019)
	... 16 more

°ËÔÂ 17, 2021 6:53:30 ÏÂÎç org.eclipse.lsp4j.jsonrpc.RemoteEndpoint handleNotification
¾¯¸æ: Notification threw an exception: {
  "jsonrpc": "2.0",
  "method": "metals/didFocusTextDocument",
  "params": [
    "file:///i%3A/%E5%AD%A6%E4%B9%A0%E8%B5%84%E6%96%99/%E9%A1%B9%E7%9B%AE/4.%E5%B0%9A%E7%A1%85%E8%B0%B7%E5%85%A8%E5%A5%97JAVA%E6%95%99%E7%A8%8B%E2%80%94%E5%AE%9E%E6%88%98%E9%A1%B9%E7%9B%AE%EF%BC%8871.89GB%EF%BC%89/%E9%87%91%E8%9E%8D%E9%A1%B9%E7%9B%AE--%E5%B0%9A%E8%9E%8D%E5%AE%9D/%E6%BA%90%E7%A0%81/day01/mybatis-plus/src/main/java/com/atguigu/mybatisplus/mapper/UserMapper.java"
  ]
}
java.lang.RuntimeException: java.lang.reflect.InvocationTargetException
	at org.eclipse.lsp4j.jsonrpc.services.GenericEndpoint.lambda$null$0(GenericEndpoint.java:67)
	at org.eclipse.lsp4j.jsonrpc.services.GenericEndpoint.notify(GenericEndpoint.java:152)
	at org.eclipse.lsp4j.jsonrpc.RemoteEndpoint.handleNotification(RemoteEndpoint.java:220)
	at org.eclipse.lsp4j.jsonrpc.RemoteEndpoint.consume(RemoteEndpoint.java:187)
	at org.eclipse.lsp4j.jsonrpc.json.StreamMessageProducer.handleMessage(StreamMessageProducer.java:194)
	at org.eclipse.lsp4j.jsonrpc.json.StreamMessageProducer.listen(StreamMessageProducer.java:94)
	at org.eclipse.lsp4j.jsonrpc.json.ConcurrentMessageProcessor.run(ConcurrentMessageProcessor.java:113)
	at java.util.concurrent.Executors$RunnableAdapter.call(Executors.java:511)
	at java.util.concurrent.FutureTask.run(FutureTask.java:266)
	at java.util.concurrent.ThreadPoolExecutor.runWorker(ThreadPoolExecutor.java:1149)
	at java.util.concurrent.ThreadPoolExecutor$Worker.run(ThreadPoolExecutor.java:624)
	at java.lang.Thread.run(Thread.java:748)
Caused by: java.lang.reflect.InvocationTargetException
	at sun.reflect.NativeMethodAccessorImpl.invoke0(Native Method)
	at sun.reflect.NativeMethodAccessorImpl.invoke(NativeMethodAccessorImpl.java:62)
	at sun.reflect.DelegatingMethodAccessorImpl.invoke(DelegatingMethodAccessorImpl.java:43)
	at java.lang.reflect.Method.invoke(Method.java:498)
	at org.eclipse.lsp4j.jsonrpc.services.GenericEndpoint.lambda$null$0(GenericEndpoint.java:65)
	... 11 more
Caused by: java.lang.IllegalArgumentException: 'other' has different root
	at sun.nio.fs.WindowsPath.relativize(WindowsPath.java:392)
	at sun.nio.fs.WindowsPath.relativize(WindowsPath.java:44)
	at scala.meta.io.AbsolutePath.toRelative(AbsolutePath.scala:40)
	at scala.meta.internal.metals.MetalsEnrichments$XtensionAbsolutePathBuffers.toRelativeInside(MetalsEnrichments.scala:280)
	at scala.meta.internal.metals.BuildTargets.inferBuildTarget(BuildTargets.scala:302)
	at scala.meta.internal.metals.BuildTargets.$anonfun$inverseSources$2(BuildTargets.scala:262)
	at scala.Option.orElse(Option.scala:447)
	at scala.meta.internal.metals.BuildTargets.inverseSources(BuildTargets.scala:262)
	at scala.meta.internal.metals.MetalsLanguageServer.didFocus(MetalsLanguageServer.scala:1019)
	... 16 more

[0m2021.08.17 18:59:13 INFO  shutting down Metals[0m
[0m2021.08.18 07:39:13 INFO  Started: Metals version 0.10.5 in workspace 'E:\codingExercise\java\cocurrent' for client Visual Studio Code 1.59.0.[0m
[0m2021.08.18 07:39:16 INFO  time: initialize in 2.75s[0m
[0m2021.08.18 07:39:21 WARN  Build server is not auto-connectable.[0m
[0m2021.08.18 07:39:21 WARN  no build tool detected in workspace 'E:\codingExercise\java\cocurrent'. The most common cause for this problem is that the editor was opened in the wrong working directory, for example if you use sbt then the workspace directory should contain build.sbt. [0m
°ËÔÂ 18, 2021 10:47:17 ÉÏÎç org.eclipse.lsp4j.jsonrpc.RemoteEndpoint handleNotification
¾¯¸æ: Notification threw an exception: {
  "jsonrpc": "2.0",
  "method": "metals/didFocusTextDocument",
  "params": [
    "file:///i%3A/%E5%AD%A6%E4%B9%A0%E8%B5%84%E6%96%99/%E9%A1%B9%E7%9B%AE/4.%E5%B0%9A%E7%A1%85%E8%B0%B7%E5%85%A8%E5%A5%97JAVA%E6%95%99%E7%A8%8B%E2%80%94%E5%AE%9E%E6%88%98%E9%A1%B9%E7%9B%AE%EF%BC%8871.89GB%EF%BC%89/%E9%87%91%E8%9E%8D%E9%A1%B9%E7%9B%AE--%E5%B0%9A%E8%9E%8D%E5%AE%9D/%E6%BA%90%E7%A0%81/day01/mybatis-plus/src/main/java/com/atguigu/mybatisplus/mapper/UserMapper.java"
  ]
}
java.lang.RuntimeException: java.lang.reflect.InvocationTargetException
	at org.eclipse.lsp4j.jsonrpc.services.GenericEndpoint.lambda$null$0(GenericEndpoint.java:67)
	at org.eclipse.lsp4j.jsonrpc.services.GenericEndpoint.notify(GenericEndpoint.java:152)
	at org.eclipse.lsp4j.jsonrpc.RemoteEndpoint.handleNotification(RemoteEndpoint.java:220)
	at org.eclipse.lsp4j.jsonrpc.RemoteEndpoint.consume(RemoteEndpoint.java:187)
	at org.eclipse.lsp4j.jsonrpc.json.StreamMessageProducer.handleMessage(StreamMessageProducer.java:194)
	at org.eclipse.lsp4j.jsonrpc.json.StreamMessageProducer.listen(StreamMessageProducer.java:94)
	at org.eclipse.lsp4j.jsonrpc.json.ConcurrentMessageProcessor.run(ConcurrentMessageProcessor.java:113)
	at java.util.concurrent.Executors$RunnableAdapter.call(Executors.java:511)
	at java.util.concurrent.FutureTask.run(FutureTask.java:266)
	at java.util.concurrent.ThreadPoolExecutor.runWorker(ThreadPoolExecutor.java:1149)
	at java.util.concurrent.ThreadPoolExecutor$Worker.run(ThreadPoolExecutor.java:624)
	at java.lang.Thread.run(Thread.java:748)
Caused by: java.lang.reflect.InvocationTargetException
	at sun.reflect.NativeMethodAccessorImpl.invoke0(Native Method)
	at sun.reflect.NativeMethodAccessorImpl.invoke(NativeMethodAccessorImpl.java:62)
	at sun.reflect.DelegatingMethodAccessorImpl.invoke(DelegatingMethodAccessorImpl.java:43)
	at java.lang.reflect.Method.invoke(Method.java:498)
	at org.eclipse.lsp4j.jsonrpc.services.GenericEndpoint.lambda$null$0(GenericEndpoint.java:65)
	... 11 more
Caused by: java.lang.IllegalArgumentException: 'other' has different root
	at sun.nio.fs.WindowsPath.relativize(WindowsPath.java:392)
	at sun.nio.fs.WindowsPath.relativize(WindowsPath.java:44)
	at scala.meta.io.AbsolutePath.toRelative(AbsolutePath.scala:40)
	at scala.meta.internal.metals.MetalsEnrichments$XtensionAbsolutePathBuffers.toRelativeInside(MetalsEnrichments.scala:280)
	at scala.meta.internal.metals.BuildTargets.inferBuildTarget(BuildTargets.scala:302)
	at scala.meta.internal.metals.BuildTargets.$anonfun$inverseSources$2(BuildTargets.scala:262)
	at scala.Option.orElse(Option.scala:447)
	at scala.meta.internal.metals.BuildTargets.inverseSources(BuildTargets.scala:262)
	at scala.meta.internal.metals.MetalsLanguageServer.didFocus(MetalsLanguageServer.scala:1019)
	... 16 more

°ËÔÂ 18, 2021 11:34:33 ÉÏÎç org.eclipse.lsp4j.jsonrpc.RemoteEndpoint handleNotification
¾¯¸æ: Notification threw an exception: {
  "jsonrpc": "2.0",
  "method": "metals/didFocusTextDocument",
  "params": [
    "file:///i%3A/%E5%AD%A6%E4%B9%A0%E8%B5%84%E6%96%99/%E9%A1%B9%E7%9B%AE/4.%E5%B0%9A%E7%A1%85%E8%B0%B7%E5%85%A8%E5%A5%97JAVA%E6%95%99%E7%A8%8B%E2%80%94%E5%AE%9E%E6%88%98%E9%A1%B9%E7%9B%AE%EF%BC%8871.89GB%EF%BC%89/%E9%87%91%E8%9E%8D%E9%A1%B9%E7%9B%AE--%E5%B0%9A%E8%9E%8D%E5%AE%9D/%E6%BA%90%E7%A0%81/day01/mybatis-plus/src/main/java/com/atguigu/mybatisplus/mapper/UserMapper.java"
  ]
}
java.lang.RuntimeException: java.lang.reflect.InvocationTargetException
	at org.eclipse.lsp4j.jsonrpc.services.GenericEndpoint.lambda$null$0(GenericEndpoint.java:67)
	at org.eclipse.lsp4j.jsonrpc.services.GenericEndpoint.notify(GenericEndpoint.java:152)
	at org.eclipse.lsp4j.jsonrpc.RemoteEndpoint.handleNotification(RemoteEndpoint.java:220)
	at org.eclipse.lsp4j.jsonrpc.RemoteEndpoint.consume(RemoteEndpoint.java:187)
	at org.eclipse.lsp4j.jsonrpc.json.StreamMessageProducer.handleMessage(StreamMessageProducer.java:194)
	at org.eclipse.lsp4j.jsonrpc.json.StreamMessageProducer.listen(StreamMessageProducer.java:94)
	at org.eclipse.lsp4j.jsonrpc.json.ConcurrentMessageProcessor.run(ConcurrentMessageProcessor.java:113)
	at java.util.concurrent.Executors$RunnableAdapter.call(Executors.java:511)
	at java.util.concurrent.FutureTask.run(FutureTask.java:266)
	at java.util.concurrent.ThreadPoolExecutor.runWorker(ThreadPoolExecutor.java:1149)
	at java.util.concurrent.ThreadPoolExecutor$Worker.run(ThreadPoolExecutor.java:624)
	at java.lang.Thread.run(Thread.java:748)
Caused by: java.lang.reflect.InvocationTargetException
	at sun.reflect.NativeMethodAccessorImpl.invoke0(Native Method)
	at sun.reflect.NativeMethodAccessorImpl.invoke(NativeMethodAccessorImpl.java:62)
	at sun.reflect.DelegatingMethodAccessorImpl.invoke(DelegatingMethodAccessorImpl.java:43)
	at java.lang.reflect.Method.invoke(Method.java:498)
	at org.eclipse.lsp4j.jsonrpc.services.GenericEndpoint.lambda$null$0(GenericEndpoint.java:65)
	... 11 more
Caused by: java.lang.IllegalArgumentException: 'other' has different root
	at sun.nio.fs.WindowsPath.relativize(WindowsPath.java:392)
	at sun.nio.fs.WindowsPath.relativize(WindowsPath.java:44)
	at scala.meta.io.AbsolutePath.toRelative(AbsolutePath.scala:40)
	at scala.meta.internal.metals.MetalsEnrichments$XtensionAbsolutePathBuffers.toRelativeInside(MetalsEnrichments.scala:280)
	at scala.meta.internal.metals.BuildTargets.inferBuildTarget(BuildTargets.scala:302)
	at scala.meta.internal.metals.BuildTargets.$anonfun$inverseSources$2(BuildTargets.scala:262)
	at scala.Option.orElse(Option.scala:447)
	at scala.meta.internal.metals.BuildTargets.inverseSources(BuildTargets.scala:262)
	at scala.meta.internal.metals.MetalsLanguageServer.didFocus(MetalsLanguageServer.scala:1019)
	... 16 more

[0m2021.08.18 13:28:37 INFO  shutting down Metals[0m
